Using pre-set license
Built from '2021.1/staging' branch; Version is '2021.1.12f1 (afcadd793de6) revision 11520733'; Using compiler version '192528614'; Build Type 'Release'
OS: 'Windows 10 Home; OS build 19043.1110; Version 2009; 64bit' Language: 'en' Physical Memory: 7843 MB
BatchMode: 1, IsHumanControllingUs: 0, StartBugReporterOnCrash: 0, Is64bit: 1, IsPro: 0

 COMMAND LINE ARGUMENTS:
C:\Program Files\Unity\Hub\Editor\2021.1.12f1\Editor\Unity.exe
-adb2
-batchMode
-noUpm
-name
AssetImportWorker1
-projectPath
C:/Users/Sabhari Shrinivas/Documents/unity projects/monster chase/monster-chase/Monster Chase
-logFile
Logs/AssetImportWorker1.log
-srvPort
50668
Successfully changed project path to: C:/Users/Sabhari Shrinivas/Documents/unity projects/monster chase/monster-chase/Monster Chase
C:/Users/Sabhari Shrinivas/Documents/unity projects/monster chase/monster-chase/Monster Chase
Using Asset Import Pipeline V2.
Refreshing native plugins compatible for Editor in 133.80 ms, found 4 plugins.
Preloading 0 native plugins for Editor in 0.00 ms.
Initialize engine version: 2021.1.12f1 (afcadd793de6)
[Subsystems] Discovering subsystems at path C:/Program Files/Unity/Hub/Editor/2021.1.12f1/Editor/Data/Resources/UnitySubsystems
[Subsystems] Discovering subsystems at path C:/Users/Sabhari Shrinivas/Documents/unity projects/monster chase/monster-chase/Monster Chase/Assets
GfxDevice: creating device client; threaded=0; jobified=0
Direct3D:
    Version:  Direct3D 11.0 [level 11.1]
    Renderer: AMD Radeon(TM) Vega 8 Graphics (ID=0x15dd)
    Vendor:   ATI
    VRAM:     3921 MB
    Driver:   27.20.2001.13001
Initialize mono
Mono path[0] = 'C:/Program Files/Unity/Hub/Editor/2021.1.12f1/Editor/Data/Managed'
Mono path[1] = 'C:/Program Files/Unity/Hub/Editor/2021.1.12f1/Editor/Data/MonoBleedingEdge/lib/mono/unityjit'
Mono config path = 'C:/Program Files/Unity/Hub/Editor/2021.1.12f1/Editor/Data/MonoBleedingEdge/etc'
Using monoOptions --debugger-agent=transport=dt_socket,embedding=1,server=y,suspend=n,address=127.0.0.1:56104
Begin MonoManager ReloadAssembly
Registering precompiled unity dll's ...
Register platform support module: C:/Program Files/Unity/Hub/Editor/2021.1.12f1/Editor/Data/PlaybackEngines/WebGLSupport/UnityEditor.WebGL.Extensions.dll
Register platform support module: C:/Program Files/Unity/Hub/Editor/2021.1.12f1/Editor/Data/PlaybackEngines/MacStandaloneSupport/UnityEditor.OSXStandalone.Extensions.dll
Register platform support module: C:/Program Files/Unity/Hub/Editor/2021.1.12f1/Editor/Data/PlaybackEngines/WindowsStandaloneSupport/UnityEditor.WindowsStandalone.Extensions.dll
Registered in 0.004844 seconds.
Native extension for WindowsStandalone target not found
Native extension for OSXStandalone target not found
Native extension for WebGL target not found
Refreshing native plugins compatible for Editor in 284.55 ms, found 4 plugins.
Preloading 0 native plugins for Editor in 0.00 ms.
Mono: successfully reloaded assembly
- Completed reload, in  4.546 seconds
Domain Reload Profiling:
	ReloadAssembly (4546ms)
		BeginReloadAssembly (80ms)
			ExecutionOrderSort (0ms)
			DisableScriptedObjects (0ms)
			BackupInstance (0ms)
			ReleaseScriptingObjects (0ms)
			CreateAndSetChildDomain (1ms)
		EndReloadAssembly (1160ms)
			LoadAssemblies (78ms)
			RebuildTransferFunctionScriptingTraits (0ms)
			SetupTypeCache (310ms)
			ReleaseScriptCaches (0ms)
			RebuildScriptCaches (80ms)
			SetupLoadedEditorAssemblies (647ms)
				LogAssemblyErrors (0ms)
				InitializePlatformSupportModulesInManaged (22ms)
				SetLoadedEditorAssemblies (1ms)
				RefreshPlugins (285ms)
				BeforeProcessingInitializeOnLoad (4ms)
				ProcessInitializeOnLoadAttributes (285ms)
				ProcessInitializeOnLoadMethodAttributes (51ms)
				AfterProcessingInitializeOnLoad (0ms)
				EditorAssembliesLoaded (0ms)
			ExecutionOrderSort2 (0ms)
			AwakeInstancesAfterBackupRestoration (0ms)
Platform modules already initialized, skipping
Registering precompiled user dll's ...
Registered in 0.007861 seconds.
Begin MonoManager ReloadAssembly
Symbol file LoadedFromMemory doesn't match image C:\Users\Sabhari Shrinivas\Documents\unity projects\monster chase\monster-chase\Monster Chase\Library\PackageCache\com.unity.visualscripting@1.6.1\Editor\VisualScripting.Core\Dependencies\YamlDotNet\Unity.VisualScripting.YamlDotNet.dll
Symbol file LoadedFromMemory doesn't match image C:\Users\Sabhari Shrinivas\Documents\unity projects\monster chase\monster-chase\Monster Chase\Library\PackageCache\com.unity.visualscripting@1.6.1\Editor\VisualScripting.Core\Dependencies\DotNetZip\Unity.VisualScripting.IonicZip.dll
Native extension for WindowsStandalone target not found
Native extension for OSXStandalone target not found
Native extension for WebGL target not found
Refreshing native plugins compatible for Editor in 212.48 ms, found 4 plugins.
Preloading 0 native plugins for Editor in 0.00 ms.
Mono: successfully reloaded assembly
- Completed reload, in  3.013 seconds
Domain Reload Profiling:
	ReloadAssembly (3014ms)
		BeginReloadAssembly (387ms)
			ExecutionOrderSort (0ms)
			DisableScriptedObjects (13ms)
			BackupInstance (0ms)
			ReleaseScriptingObjects (0ms)
			CreateAndSetChildDomain (45ms)
		EndReloadAssembly (2458ms)
			LoadAssemblies (274ms)
			RebuildTransferFunctionScriptingTraits (0ms)
			SetupTypeCache (808ms)
			ReleaseScriptCaches (1ms)
			RebuildScriptCaches (118ms)
			SetupLoadedEditorAssemblies (1043ms)
				LogAssemblyErrors (0ms)
				InitializePlatformSupportModulesInManaged (12ms)
				SetLoadedEditorAssemblies (0ms)
				RefreshPlugins (213ms)
				BeforeProcessingInitializeOnLoad (195ms)
				ProcessInitializeOnLoadAttributes (572ms)
				ProcessInitializeOnLoadMethodAttributes (36ms)
				AfterProcessingInitializeOnLoad (14ms)
				EditorAssembliesLoaded (0ms)
			ExecutionOrderSort2 (0ms)
			AwakeInstancesAfterBackupRestoration (14ms)
Platform modules already initialized, skipping
========================================================================
Worker process is ready to serve import requests
Launched and connected shader compiler UnityShaderCompiler.exe after 0.08 seconds
Refreshing native plugins compatible for Editor in 1.53 ms, found 4 plugins.
Preloading 0 native plugins for Editor in 0.00 ms.
Unloading 3667 Unused Serialized files (Serialized files now loaded: 0)
System memory in use before: 137.3 MB.
System memory in use after: 137.4 MB.

Unloading 37 unused Assets to reduce memory usage. Loaded Objects now: 4111.
Total: 5.912500 ms (FindLiveObjects: 0.559100 ms CreateObjectMapping: 0.256500 ms MarkObjects: 4.855800 ms  DeleteObjects: 0.238000 ms)

AssetImportParameters requested are different than current active one (requested -> active):
  custom:framework-win-MediaFoundation: 216162199b28c13a410421893ffa2e32 -> 
  custom:video-decoder-ogg-theora: a1e56fd34408186e4bbccfd4996cb3dc -> 
  custom:container-muxer-webm: aa71ff27fc2769a1b78a27578f13a17b -> 
  custom:container-demuxer-webm: 4f35f7cbe854078d1ac9338744f61a02 -> 
  custom:container-demuxer-ogg: 62fdf1f143b41e24485cea50d1cbac27 -> 
  custom:video-encoder-webm-vp8: eb34c28f22e8b96e1ab97ce403110664 -> 
  custom:video-decoder-webm-vp8: 9c59270c3fd7afecdb556c50c9e8de78 -> 
  custom:audio-decoder-ogg-vorbis: bf7c407c2cedff20999df2af8eb42d56 -> 
  custom:audio-encoder-webm-vorbis: bf7c407c2cedff20999df2af8eb42d56 -> 
========================================================================
Received Import Request.
  path: Assets/Sprites/Players.png
  artifactKey: Guid(cb966b15e4799044ebd060054d3261b8) Importer(815301076,1909f56bfc062723c751e8b465ee728b)
Start importing Assets/Sprites/Players.png using Guid(cb966b15e4799044ebd060054d3261b8) Importer(815301076,1909f56bfc062723c751e8b465ee728b)  -> (artifact id: '0b20e668c8494e99181bed569ff6de5e') in 0.580025 seconds 
========================================================================
Received Import Request.
  Time since last request: 88.660951 seconds.
  path: Assets
  artifactKey: Guid(00000000000000001000000000000000) Importer(815301076,1909f56bfc062723c751e8b465ee728b)
Start importing Assets using Guid(00000000000000001000000000000000) Importer(815301076,1909f56bfc062723c751e8b465ee728b)  -> (artifact id: '68a4034d3d715da871e781da702f0bc5') in 0.084143 seconds 
========================================================================
Received Import Request.
  Time since last request: 5.165365 seconds.
  path: Assets/animations
  artifactKey: Guid(1f3405849b1e00b49b84a388eeae2f92) Importer(815301076,1909f56bfc062723c751e8b465ee728b)
Start importing Assets/animations using Guid(1f3405849b1e00b49b84a388eeae2f92) Importer(815301076,1909f56bfc062723c751e8b465ee728b)  -> (artifact id: 'dd4cf415d3b085ca82b326a31eb74417') in 0.016937 seconds 
========================================================================
Received Import Request.
  Time since last request: 25.363225 seconds.
  path: Assets/animations/player animations
  artifactKey: Guid(243b922e872b0ed4b8bb8c99763e8b85) Importer(815301076,1909f56bfc062723c751e8b465ee728b)
Start importing Assets/animations/player animations using Guid(243b922e872b0ed4b8bb8c99763e8b85) Importer(815301076,1909f56bfc062723c751e8b465ee728b)  -> (artifact id: '0c236c40cc1285c38bc6d67a7053256a') in 0.012644 seconds 
========================================================================
Received Import Request.
  Time since last request: 9.151293 seconds.
  path: Assets/animations/player animations/player 1 animations
  artifactKey: Guid(a928d64bdd493914a8009251b89088fe) Importer(815301076,1909f56bfc062723c751e8b465ee728b)
Start importing Assets/animations/player animations/player 1 animations using Guid(a928d64bdd493914a8009251b89088fe) Importer(815301076,1909f56bfc062723c751e8b465ee728b)  -> (artifact id: '291bdc823320112094e8d80b5d615935') in 0.013453 seconds 
========================================================================
Received Import Request.
  Time since last request: 76.749121 seconds.
  path: Assets/animations/player animations/player 1 animations/player 1 animator.controller
  artifactKey: Guid(611db55d9445b254b92e6aace914272c) Importer(815301076,1909f56bfc062723c751e8b465ee728b)
Start importing Assets/animations/player animations/player 1 animations/player 1 animator.controller using Guid(611db55d9445b254b92e6aace914272c) Importer(815301076,1909f56bfc062723c751e8b465ee728b)  -> (artifact id: '280939ed072182e3a58c857ff0dd4ce7') in 0.020563 seconds 
========================================================================
Received Import Request.
  Time since last request: 1403.179254 seconds.
  path: Assets/prefabs
  artifactKey: Guid(0b699c19d8c6120408e72373b70b4e73) Importer(815301076,1909f56bfc062723c751e8b465ee728b)
Start importing Assets/prefabs using Guid(0b699c19d8c6120408e72373b70b4e73) Importer(815301076,1909f56bfc062723c751e8b465ee728b)  -> (artifact id: 'fdf6559893557684ef56c7ac812b9df3') in 0.019607 seconds 
========================================================================
Received Import Request.
  Time since last request: 3.958755 seconds.
  path: Assets/prefabs/Player 1.prefab
  artifactKey: Guid(740700c2041c86d46ab87ef36e0ad228) Importer(815301076,1909f56bfc062723c751e8b465ee728b)
Start importing Assets/prefabs/Player 1.prefab using Guid(740700c2041c86d46ab87ef36e0ad228) Importer(815301076,1909f56bfc062723c751e8b465ee728b)  -> (artifact id: '9b2627f58d930de62c3e7e3a4ba8c018') in 0.107913 seconds 
========================================================================
Received Import Request.
  Time since last request: 519.165366 seconds.
  path: Assets/animations/player animations/player  animations
  artifactKey: Guid(a928d64bdd493914a8009251b89088fe) Importer(815301076,1909f56bfc062723c751e8b465ee728b)
Start importing Assets/animations/player animations/player  animations using Guid(a928d64bdd493914a8009251b89088fe) Importer(815301076,1909f56bfc062723c751e8b465ee728b)  -> (artifact id: 'b78bce7b32e4f9b8a77d5a36f7037c7c') in 0.014496 seconds 
========================================================================
Received Import Request.
  Time since last request: 7.438038 seconds.
  path: Assets/animations/player animations/player  animations/Players_8.controller
  artifactKey: Guid(454666436e2e47347b2c00ed064e3bec) Importer(815301076,1909f56bfc062723c751e8b465ee728b)
Start importing Assets/animations/player animations/player  animations/Players_8.controller using Guid(454666436e2e47347b2c00ed064e3bec) Importer(815301076,1909f56bfc062723c751e8b465ee728b)  -> (artifact id: 'bb3d47b2f87b7b56554e0ae13dfdb187') in 0.014167 seconds 
========================================================================
Received Import Request.
  Time since last request: 13.377591 seconds.
  path: Assets/animations/player animations/player  animations/Players_8.controller
  artifactKey: Guid(454666436e2e47347b2c00ed064e3bec) Importer(815301076,1909f56bfc062723c751e8b465ee728b)
Start importing Assets/animations/player animations/player  animations/Players_8.controller using Guid(454666436e2e47347b2c00ed064e3bec) Importer(815301076,1909f56bfc062723c751e8b465ee728b)  -> (artifact id: 'b8f165d27782d805286fa17d5f245918') in 0.008048 seconds 
AssetImportWorkerClient::OnTransportError - code=2 error=End of file
